# JRE version: OpenJDK Runtime Environment Homebrew (20.0.2) (build 20.0.2)
# Java VM: OpenJDK 64-Bit Server VM Homebrew (20.0.2, mixed mode, sharing, tiered, compressed oops, compressed class ptrs, g1 gc, bsd-aarch64)
Heap:
 garbage-first heap   total 93184K, used 58317K [0x0000000780000000, 0x0000000800000000)
  region size 1024K, 19 young (19456K), 2 survivors (2048K)
 Metaspace       used 40080K, committed 40640K, reserved 1114112K
  class space    used 5331K, committed 5568K, reserved 1048576K
GC Heap History (10 events):
Event: 0.701 GC heap before
{Heap before GC invocations=0 (full 0):
 garbage-first heap   total 133120K, used 24544K [0x0000000780000000, 0x0000000800000000)
  region size 1024K, 23 young (23552K), 0 survivors (0K)
 Metaspace       used 5680K, committed 5824K, reserved 1114112K
  class space    used 665K, committed 768K, reserved 1048576K
}
Event: 0.704 GC heap after
{Heap after GC invocations=1 (full 0):
 garbage-first heap   total 133120K, used 4149K [0x0000000780000000, 0x0000000800000000)
  region size 1024K, 3 young (3072K), 3 survivors (3072K)
 Metaspace       used 5680K, committed 5824K, reserved 1114112K
  class space    used 665K, committed 768K, reserved 1048576K
}
Event: 1.424 GC heap before
{Heap before GC invocations=1 (full 0):
 garbage-first heap   total 133120K, used 52277K [0x0000000780000000, 0x0000000800000000)
  region size 1024K, 50 young (51200K), 3 survivors (3072K)
 Metaspace       used 14671K, committed 14912K, reserved 1114112K
  class space    used 1758K, committed 1856K, reserved 1048576K
}
Event: 1.446 GC heap after
{Heap after GC invocations=2 (full 0):
 garbage-first heap   total 133120K, used 7919K [0x0000000780000000, 0x0000000800000000)
  region size 1024K, 7 young (7168K), 7 survivors (7168K)
 Metaspace       used 14671K, committed 14912K, reserved 1114112K
  class space    used 1758K, committed 1856K, reserved 1048576K
}
Event: 2.291 GC heap before
{Heap before GC invocations=2 (full 0):
 garbage-first heap   total 133120K, used 80623K [0x0000000780000000, 0x0000000800000000)
  region size 1024K, 75 young (76800K), 7 survivors (7168K)
 Metaspace       used 21184K, committed 21504K, reserved 1114112K
  class space    used 2513K, committed 2624K, reserved 1048576K
}
Event: 2.307 GC heap after
{Heap after GC invocations=3 (full 0):
 garbage-first heap   total 133120K, used 20327K [0x0000000780000000, 0x0000000800000000)
  region size 1024K, 10 young (10240K), 10 survivors (10240K)
 Metaspace       used 21184K, committed 21504K, reserved 1114112K
  class space    used 2513K, committed 2624K, reserved 1048576K
}
Event: 5.360 GC heap before
{Heap before GC invocations=4 (full 0):
 garbage-first heap   total 75776K, used 73575K [0x0000000780000000, 0x0000000800000000)
  region size 1024K, 63 young (64512K), 10 survivors (10240K)
 Metaspace       used 33473K, committed 33920K, reserved 1114112K
  class space    used 4124K, committed 4352K, reserved 1048576K
}
Event: 5.376 GC heap after
{Heap after GC invocations=5 (full 0):
 garbage-first heap   total 93184K, used 27467K [0x0000000780000000, 0x0000000800000000)
  region size 1024K, 10 young (10240K), 10 survivors (10240K)
 Metaspace       used 33473K, committed 33920K, reserved 1114112K
  class space    used 4124K, committed 4352K, reserved 1048576K
}
Event: 5.594 GC heap before
{Heap before GC invocations=5 (full 0):
 garbage-first heap   total 93184K, used 34635K [0x0000000780000000, 0x0000000800000000)
  region size 1024K, 18 young (18432K), 10 survivors (10240K)
 Metaspace       used 35848K, committed 36288K, reserved 1114112K
  class space    used 4666K, committed 4864K, reserved 1048576K
}
Event: 5.602 GC heap after
{Heap after GC invocations=6 (full 0):
 garbage-first heap   total 93184K, used 28621K [0x0000000780000000, 0x0000000800000000)
  region size 1024K, 2 young (2048K), 2 survivors (2048K)
 Metaspace       used 35848K, committed 36288K, reserved 1114112K
  class space    used 4666K, committed 4864K, reserved 1048576K
}

